{
  "stats": {
    "suites": 1,
    "tests": 15,
    "passes": 14,
    "pending": 0,
    "failures": 1,
    "start": "2026-06-26T14:37:22.872Z",
    "end": "2026-06-26T14:37:56.672Z",
    "duration": 33800,
    "testsRegistered": 15,
    "passPercent": 93.33333333333333,
    "pendingPercent": 0,
    "other": 0,
    "hasOther": false,
    "skipped": 0,
    "hasSkipped": false
  },
  "results": [
    {
      "uuid": "07dbf726-a3bd-48b7-8fa8-49e1c33bbae4",
      "title": "",
      "fullFile": "cypress\\e2e\\E2E_AutoQA_Tests.Assert.Reg.cy.js",
      "file": "cypress\\e2e\\E2E_AutoQA_Tests.Assert.Reg.cy.js",
      "beforeHooks": [],
      "afterHooks": [],
      "tests": [],
      "suites": [
        {
          "uuid": "e02b0bad-c363-4fa4-aa2e-f0c4b758b0ba",
          "title": "Landing Page",
          "fullFile": "",
          "file": "",
          "beforeHooks": [],
          "afterHooks": [],
          "tests": [
            {
              "title": "Should show error when Name is empty",
              "fullTitle": "Landing Page Should show error when Name is empty",
              "timedOut": null,
              "duration": 3212,
              "state": "passed",
              "speed": "fast",
              "pass": true,
              "fail": false,
              "pending": false,
              "context": null,
              "code": "cy.get('.header_signin').click();\ncy.contains('button', 'Registration').click();\ncy.get('#signupName').focus().blur();\ncy.checkInvalidField('#signupName');\ncy.get('.invalid-feedback').should('contain.text', 'Name required');",
              "err": {},
              "uuid": "fc90aa81-1b2e-40e3-8f65-959c3495a445",
              "parentUUID": "e02b0bad-c363-4fa4-aa2e-f0c4b758b0ba",
              "isHook": false,
              "skipped": false
            },
            {
              "title": "Should show error when Name contains invalid characters",
              "fullTitle": "Landing Page Should show error when Name contains invalid characters",
              "timedOut": null,
              "duration": 1039,
              "state": "passed",
              "speed": "fast",
              "pass": true,
              "fail": false,
              "pending": false,
              "context": null,
              "code": "cy.get('.header_signin').click();\ncy.contains('button', 'Registration').click();\ncy.get('#signupName').type('123').blur();\ncy.checkInvalidField('#signupName');\ncy.contains('.invalid-feedback', 'Name is invalid').should('contain.text', 'Name is invalid');",
              "err": {},
              "uuid": "6d75dabe-b117-4242-bbe3-6d322cd41ef2",
              "parentUUID": "e02b0bad-c363-4fa4-aa2e-f0c4b758b0ba",
              "isHook": false,
              "skipped": false
            },
            {
              "title": "Should show error when Name has less than 2 characters",
              "fullTitle": "Landing Page Should show error when Name has less than 2 characters",
              "timedOut": null,
              "duration": 1126,
              "state": "passed",
              "speed": "fast",
              "pass": true,
              "fail": false,
              "pending": false,
              "context": null,
              "code": "cy.get('.header_signin').click();\ncy.contains('button', 'Registration').click();\ncy.get('#signupName').type('A').blur();\ncy.checkInvalidField('#signupName');\ncy.get('.invalid-feedback').should('contain.text', 'Name has to be from 2 to 20 characters long');",
              "err": {},
              "uuid": "1e2ec07a-4abf-46e2-9229-c8774cf19a08",
              "parentUUID": "e02b0bad-c363-4fa4-aa2e-f0c4b758b0ba",
              "isHook": false,
              "skipped": false
            },
            {
              "title": "Should show error when Name has more than 20 characters",
              "fullTitle": "Landing Page Should show error when Name has more than 20 characters",
              "timedOut": null,
              "duration": 1538,
              "state": "passed",
              "speed": "fast",
              "pass": true,
              "fail": false,
              "pending": false,
              "context": null,
              "code": "cy.get('.header_signin').click();\ncy.contains('button', 'Registration').click();\ncy.get('#signupName').type('ABCDEFGHIJKLMNOPQRSTU').blur();\ncy.checkInvalidField('#signupName');\ncy.get('.invalid-feedback').should('contain.text', 'Name has to be from 2 to 20 characters long');",
              "err": {},
              "uuid": "430b2130-4bfa-46f6-88ca-0528d948e91c",
              "parentUUID": "e02b0bad-c363-4fa4-aa2e-f0c4b758b0ba",
              "isHook": false,
              "skipped": false
            },
            {
              "title": "Should show error when Last Name is empty",
              "fullTitle": "Landing Page Should show error when Last Name is empty",
              "timedOut": null,
              "duration": 939,
              "state": "passed",
              "speed": "fast",
              "pass": true,
              "fail": false,
              "pending": false,
              "context": null,
              "code": "cy.get('.header_signin').click();\ncy.contains('button', 'Registration').click();\ncy.get('#signupLastName').focus().blur();\ncy.checkInvalidField('#signupLastName');\ncy.get('.invalid-feedback').should('contain.text', 'Last name required');",
              "err": {},
              "uuid": "462c9db1-96a2-4dc9-8830-74a656f6f02f",
              "parentUUID": "e02b0bad-c363-4fa4-aa2e-f0c4b758b0ba",
              "isHook": false,
              "skipped": false
            },
            {
              "title": "Should show error when Last Name contains invalid characters",
              "fullTitle": "Landing Page Should show error when Last Name contains invalid characters",
              "timedOut": null,
              "duration": 878,
              "state": "passed",
              "speed": "fast",
              "pass": true,
              "fail": false,
              "pending": false,
              "context": null,
              "code": "cy.openRegistrationForm();\ncy.get('#signupLastName').type('123').blur();\ncy.checkInvalidField('#signupLastName');\ncy.contains('.invalid-feedback', 'Last name is invalid').should('contain.text', 'Last name is invalid');",
              "err": {},
              "uuid": "2c0a53fb-6b36-4bbd-96e5-894c995643b9",
              "parentUUID": "e02b0bad-c363-4fa4-aa2e-f0c4b758b0ba",
              "isHook": false,
              "skipped": false
            },
            {
              "title": "Should show error when Last Name has less than 2 characters",
              "fullTitle": "Landing Page Should show error when Last Name has less than 2 characters",
              "timedOut": null,
              "duration": 1085,
              "state": "passed",
              "speed": "fast",
              "pass": true,
              "fail": false,
              "pending": false,
              "context": null,
              "code": "cy.openRegistrationForm();\ncy.get('#signupLastName').type('A').blur();\ncy.checkInvalidField('#signupLastName');\ncy.get('.invalid-feedback').should('contain.text', 'Last name has to be from 2 to 20 characters long');",
              "err": {},
              "uuid": "50b7b026-18b2-4c68-a5cf-07813a580274",
              "parentUUID": "e02b0bad-c363-4fa4-aa2e-f0c4b758b0ba",
              "isHook": false,
              "skipped": false
            },
            {
              "title": "Should show error when Last Name has more than 20 characters",
              "fullTitle": "Landing Page Should show error when Last Name has more than 20 characters",
              "timedOut": null,
              "duration": 1088,
              "state": "passed",
              "speed": "fast",
              "pass": true,
              "fail": false,
              "pending": false,
              "context": null,
              "code": "cy.openRegistrationForm();\ncy.get('#signupLastName').type('ABCDEFGHIJKLMNOPQRSTU') // 21 символ\n.blur();\ncy.checkInvalidField('#signupLastName');\ncy.get('.invalid-feedback').should('contain.text', 'Last name has to be from 2 to 20 characters long');",
              "err": {},
              "uuid": "9211e031-d152-4af1-b50b-eef6771b5696",
              "parentUUID": "e02b0bad-c363-4fa4-aa2e-f0c4b758b0ba",
              "isHook": false,
              "skipped": false
            },
            {
              "title": "Should show error when Email is empty",
              "fullTitle": "Landing Page Should show error when Email is empty",
              "timedOut": null,
              "duration": 901,
              "state": "passed",
              "speed": "fast",
              "pass": true,
              "fail": false,
              "pending": false,
              "context": null,
              "code": "cy.openRegistrationForm();\ncy.get('#signupEmail').focus().blur();\ncy.checkInvalidField('#signupEmail');\ncy.get('.invalid-feedback').should('contain.text', 'Email required');",
              "err": {},
              "uuid": "bc31aadd-016a-4525-acf7-7cd79a20fb40",
              "parentUUID": "e02b0bad-c363-4fa4-aa2e-f0c4b758b0ba",
              "isHook": false,
              "skipped": false
            },
            {
              "title": "Should show error when Email is incorrect",
              "fullTitle": "Landing Page Should show error when Email is incorrect",
              "timedOut": null,
              "duration": 8774,
              "state": "passed",
              "speed": "medium",
              "pass": true,
              "fail": false,
              "pending": false,
              "context": null,
              "code": "cy.openRegistrationForm();\ncy.get('#signupEmail').type('test').blur();\ncy.checkInvalidField('#signupEmail');\ncy.get('.invalid-feedback').should('contain.text', 'Email is incorrect');",
              "err": {},
              "uuid": "92d31307-0697-462d-b1a5-d1f940fba590",
              "parentUUID": "e02b0bad-c363-4fa4-aa2e-f0c4b758b0ba",
              "isHook": false,
              "skipped": false
            },
            {
              "title": "Should accept valid Email",
              "fullTitle": "Landing Page Should accept valid Email",
              "timedOut": null,
              "duration": 1575,
              "state": "passed",
              "speed": "fast",
              "pass": true,
              "fail": false,
              "pending": false,
              "context": null,
              "code": "cy.openRegistrationForm();\ncy.get('#signupEmail').type('test@gmail.com').blur();\ncy.get('#signupEmail').should('not.have.class', 'is-invalid');\ncy.contains('.invalid-feedback', 'Email is incorrect').should('not.exist');",
              "err": {},
              "uuid": "3fdc57ca-8bd4-4c6c-9793-17d7e59dc5be",
              "parentUUID": "e02b0bad-c363-4fa4-aa2e-f0c4b758b0ba",
              "isHook": false,
              "skipped": false
            },
            {
              "title": "Should show error when Password is invalid",
              "fullTitle": "Landing Page Should show error when Password is invalid",
              "timedOut": null,
              "duration": 1094,
              "state": "passed",
              "speed": "fast",
              "pass": true,
              "fail": false,
              "pending": false,
              "context": null,
              "code": "cy.openRegistrationForm();\ncy.get('#signupPassword').type('test').blur();\ncy.checkInvalidField('#signupPassword');\ncy.get('.invalid-feedback').should('contain.text', 'Password has to be from 8 to 15 characters long and contain at least one integer, one capital, and one small letter');",
              "err": {},
              "uuid": "af3168fd-ff24-45f2-9e56-fbc5bb7771b8",
              "parentUUID": "e02b0bad-c363-4fa4-aa2e-f0c4b758b0ba",
              "isHook": false,
              "skipped": false
            },
            {
              "title": "Should show error when Re-enter Password is empty",
              "fullTitle": "Landing Page Should show error when Re-enter Password is empty",
              "timedOut": null,
              "duration": 946,
              "state": "passed",
              "speed": "fast",
              "pass": true,
              "fail": false,
              "pending": false,
              "context": null,
              "code": "cy.openRegistrationForm();\ncy.get('#signupRepeatPassword').focus().blur();\ncy.checkInvalidField('#signupRepeatPassword');\ncy.get('.invalid-feedback').should('contain.text', 'Re-enter password required');",
              "err": {},
              "uuid": "584f08d4-80bd-49df-80f7-76e2b4dc3355",
              "parentUUID": "e02b0bad-c363-4fa4-aa2e-f0c4b758b0ba",
              "isHook": false,
              "skipped": false
            },
            {
              "title": "Should register user successfully",
              "fullTitle": "Landing Page Should register user successfully",
              "timedOut": null,
              "duration": 6359,
              "state": "failed",
              "speed": null,
              "pass": false,
              "fail": true,
              "pending": false,
              "context": null,
              "code": "cy.openRegistrationForm();\ncy.get('#signupName').type('John');\ncy.get('#signupLastName').type('Smith');\ncy.get('#signupEmail').type(user.email);\ncy.get('#signupPassword').type(user.password, {\n  sensitive: true\n});\ncy.get('#signupRepeatPassword').type(user.password, {\n  sensitive: true\n});\ncy.contains('button', 'Register').should('not.be.disabled').click();\ncy.contains('Garage').should('be.visible');",
              "err": {
                "message": "AssertionError: Timed out retrying after 4000ms: Expected to find content: 'Garage' but never did.",
                "estack": "AssertionError: Timed out retrying after 4000ms: Expected to find content: 'Garage' but never did.\n    at Context.eval (webpack://c/./cypress/e2e/E2E_AutoQA_Tests.Assert.Reg.cy.js:243:5)",
                "diff": null
              },
              "uuid": "312fa0bf-02e8-495d-9520-bfd065b4a4c5",
              "parentUUID": "e02b0bad-c363-4fa4-aa2e-f0c4b758b0ba",
              "isHook": false,
              "skipped": false
            },
            {
              "title": "Should login with registered credentials",
              "fullTitle": "Landing Page Should login with registered credentials",
              "timedOut": null,
              "duration": 2535,
              "state": "passed",
              "speed": "fast",
              "pass": true,
              "fail": false,
              "pending": false,
              "context": null,
              "code": "cy.login(user.email, user.password);\ncy.url().should('include', '/panel/garage');",
              "err": {},
              "uuid": "ada17354-b10a-4bc0-8e98-acbb5ad78e01",
              "parentUUID": "e02b0bad-c363-4fa4-aa2e-f0c4b758b0ba",
              "isHook": false,
              "skipped": false
            }
          ],
          "suites": [],
          "passes": [
            "fc90aa81-1b2e-40e3-8f65-959c3495a445",
            "6d75dabe-b117-4242-bbe3-6d322cd41ef2",
            "1e2ec07a-4abf-46e2-9229-c8774cf19a08",
            "430b2130-4bfa-46f6-88ca-0528d948e91c",
            "462c9db1-96a2-4dc9-8830-74a656f6f02f",
            "2c0a53fb-6b36-4bbd-96e5-894c995643b9",
            "50b7b026-18b2-4c68-a5cf-07813a580274",
            "9211e031-d152-4af1-b50b-eef6771b5696",
            "bc31aadd-016a-4525-acf7-7cd79a20fb40",
            "92d31307-0697-462d-b1a5-d1f940fba590",
            "3fdc57ca-8bd4-4c6c-9793-17d7e59dc5be",
            "af3168fd-ff24-45f2-9e56-fbc5bb7771b8",
            "584f08d4-80bd-49df-80f7-76e2b4dc3355",
            "ada17354-b10a-4bc0-8e98-acbb5ad78e01"
          ],
          "failures": [
            "312fa0bf-02e8-495d-9520-bfd065b4a4c5"
          ],
          "pending": [],
          "skipped": [],
          "duration": 33089,
          "root": false,
          "rootEmpty": false,
          "_timeout": 2000
        }
      ],
      "passes": [],
      "failures": [],
      "pending": [],
      "skipped": [],
      "duration": 0,
      "root": true,
      "rootEmpty": true,
      "_timeout": 2000
    }
  ],
  "meta": {
    "mocha": {
      "version": "7.2.0"
    },
    "mochawesome": {
      "options": {
        "quiet": false,
        "reportFilename": "mochawesome",
        "saveHtml": true,
        "saveJson": true,
        "consoleReporter": "spec",
        "useInlineDiffs": false,
        "code": true
      },
      "version": "7.1.4"
    },
    "marge": {
      "options": {
        "reportDir": "cypress/reports/qauto",
        "overwrite": false,
        "html": true,
        "json": true
      },
      "version": "6.3.2"
    }
  }
}