{
  "stats": {
    "suites": 3,
    "tests": 5,
    "passes": 5,
    "pending": 0,
    "failures": 0,
    "start": "2026-06-26T14:38:04.901Z",
    "end": "2026-06-26T14:38:10.440Z",
    "duration": 5539,
    "testsRegistered": 5,
    "passPercent": 100,
    "pendingPercent": 0,
    "other": 0,
    "hasOther": false,
    "skipped": 0,
    "hasSkipped": false
  },
  "results": [
    {
      "uuid": "a63fed4c-6746-450a-8d2d-292a947d16fa",
      "title": "",
      "fullFile": "cypress\\e2e\\E2E_AutoQA_Tests.cy.js",
      "file": "cypress\\e2e\\E2E_AutoQA_Tests.cy.js",
      "beforeHooks": [],
      "afterHooks": [],
      "tests": [],
      "suites": [
        {
          "uuid": "86699ce9-1379-4816-bc3e-57786d801fc8",
          "title": "Landing Page",
          "fullFile": "",
          "file": "",
          "beforeHooks": [],
          "afterHooks": [],
          "tests": [],
          "suites": [
            {
              "uuid": "8e8a0944-334c-4b33-8b8b-893e1433e597",
              "title": "Header",
              "fullFile": "",
              "file": "",
              "beforeHooks": [],
              "afterHooks": [],
              "tests": [
                {
                  "title": "should display navigation elements",
                  "fullTitle": "Landing Page Header should display navigation elements",
                  "timedOut": null,
                  "duration": 2270,
                  "state": "passed",
                  "speed": "fast",
                  "pass": true,
                  "fail": false,
                  "pending": false,
                  "context": null,
                  "code": "cy.contains('a', 'Home').should('be.visible');\ncy.contains('button', 'About').should('be.visible');\ncy.get('@contactsBtn').should('be.visible');",
                  "err": {},
                  "uuid": "3ae62e0c-42b4-47ba-8be2-bb0b931e5a2f",
                  "parentUUID": "8e8a0944-334c-4b33-8b8b-893e1433e597",
                  "isHook": false,
                  "skipped": false
                },
                {
                  "title": "should display authorization buttons",
                  "fullTitle": "Landing Page Header should display authorization buttons",
                  "timedOut": null,
                  "duration": 640,
                  "state": "passed",
                  "speed": "fast",
                  "pass": true,
                  "fail": false,
                  "pending": false,
                  "context": null,
                  "code": "cy.contains('button', 'Guest log in').should('be.visible');\ncy.get('.header_signin').should('be.visible');",
                  "err": {},
                  "uuid": "aee9c13b-bf48-4e71-af2b-c780838c2be1",
                  "parentUUID": "8e8a0944-334c-4b33-8b8b-893e1433e597",
                  "isHook": false,
                  "skipped": false
                },
                {
                  "title": "should display logo",
                  "fullTitle": "Landing Page Header should display logo",
                  "timedOut": null,
                  "duration": 731,
                  "state": "passed",
                  "speed": "fast",
                  "pass": true,
                  "fail": false,
                  "pending": false,
                  "context": null,
                  "code": "cy.get('.header_logo').should('be.visible').and('have.attr', 'href', '/');",
                  "err": {},
                  "uuid": "19863637-94e6-42fa-97a4-04982b0580df",
                  "parentUUID": "8e8a0944-334c-4b33-8b8b-893e1433e597",
                  "isHook": false,
                  "skipped": false
                }
              ],
              "suites": [],
              "passes": [
                "3ae62e0c-42b4-47ba-8be2-bb0b931e5a2f",
                "aee9c13b-bf48-4e71-af2b-c780838c2be1",
                "19863637-94e6-42fa-97a4-04982b0580df"
              ],
              "failures": [],
              "pending": [],
              "skipped": [],
              "duration": 3641,
              "root": false,
              "rootEmpty": false,
              "_timeout": 2000
            },
            {
              "uuid": "9047850a-d5b2-4270-9c56-9ba8ace0173d",
              "title": "Footer",
              "fullFile": "",
              "file": "",
              "beforeHooks": [],
              "afterHooks": [],
              "tests": [
                {
                  "title": "should display social media links",
                  "fullTitle": "Landing Page Footer should display social media links",
                  "timedOut": null,
                  "duration": 817,
                  "state": "passed",
                  "speed": "fast",
                  "pass": true,
                  "fail": false,
                  "pending": false,
                  "context": null,
                  "code": "socialLinks.forEach(link => {\n  cy.get(`a[href*=\"${link}\"]`).should('exist').and('be.visible');\n});",
                  "err": {},
                  "uuid": "3d4d2e29-76f0-428a-86b1-596ca1a5eb52",
                  "parentUUID": "9047850a-d5b2-4270-9c56-9ba8ace0173d",
                  "isHook": false,
                  "skipped": false
                },
                {
                  "title": "should display contact links",
                  "fullTitle": "Landing Page Footer should display contact links",
                  "timedOut": null,
                  "duration": 857,
                  "state": "passed",
                  "speed": "fast",
                  "pass": true,
                  "fail": false,
                  "pending": false,
                  "context": null,
                  "code": "cy.get('a[href=\"https://ithillel.ua\"]').should('be.visible');\ncy.get('a[href=\"mailto:developer@ithillel.ua\"]').should('be.visible');",
                  "err": {},
                  "uuid": "e5af2237-5573-43a3-b4de-732d65b5ed1d",
                  "parentUUID": "9047850a-d5b2-4270-9c56-9ba8ace0173d",
                  "isHook": false,
                  "skipped": false
                }
              ],
              "suites": [],
              "passes": [
                "3d4d2e29-76f0-428a-86b1-596ca1a5eb52",
                "e5af2237-5573-43a3-b4de-732d65b5ed1d"
              ],
              "failures": [],
              "pending": [],
              "skipped": [],
              "duration": 1674,
              "root": false,
              "rootEmpty": false,
              "_timeout": 2000
            }
          ],
          "passes": [],
          "failures": [],
          "pending": [],
          "skipped": [],
          "duration": 0,
          "root": false,
          "rootEmpty": false,
          "_timeout": 2000
        }
      ],
      "passes": [],
      "failures": [],
      "pending": [],
      "skipped": [],
      "duration": 0,
      "root": true,
      "rootEmpty": true,
      "_timeout": 2000
    }
  ],
  "meta": {
    "mocha": {
      "version": "7.2.0"
    },
    "mochawesome": {
      "options": {
        "quiet": false,
        "reportFilename": "mochawesome",
        "saveHtml": true,
        "saveJson": true,
        "consoleReporter": "spec",
        "useInlineDiffs": false,
        "code": true
      },
      "version": "7.1.4"
    },
    "marge": {
      "options": {
        "reportDir": "cypress/reports/qauto",
        "overwrite": false,
        "html": true,
        "json": true
      },
      "version": "6.3.2"
    }
  }
}