{
  "stats": {
    "suites": 1,
    "tests": 1,
    "passes": 1,
    "pending": 0,
    "failures": 0,
    "start": "2026-06-26T14:37:58.020Z",
    "end": "2026-06-26T14:38:03.641Z",
    "duration": 5621,
    "testsRegistered": 1,
    "passPercent": 100,
    "pendingPercent": 0,
    "other": 0,
    "hasOther": false,
    "skipped": 0,
    "hasSkipped": false
  },
  "results": [
    {
      "uuid": "bb7f81a8-5a18-49db-b814-e97904c3ff4e",
      "title": "",
      "fullFile": "cypress\\e2e\\E2E_AutoQA_Tests.UI.cy.js",
      "file": "cypress\\e2e\\E2E_AutoQA_Tests.UI.cy.js",
      "beforeHooks": [],
      "afterHooks": [],
      "tests": [],
      "suites": [
        {
          "uuid": "865ace39-c695-4966-9055-8b89f4914b5a",
          "title": "Garage",
          "fullFile": "",
          "file": "",
          "beforeHooks": [],
          "afterHooks": [],
          "tests": [
            {
              "title": "Should add car and fuel expense",
              "fullTitle": "Garage Should add car and fuel expense",
              "timedOut": null,
              "duration": 5570,
              "state": "passed",
              "speed": "medium",
              "pass": true,
              "fail": false,
              "pending": false,
              "context": null,
              "code": "// Add car\n_GaragePage.default.addCar(car.brand, car.model, car.mileage);\n_GaragePage.default.checkCarIsVisible(`${car.brand} ${car.model}`);\n// Add fuel expense\n_ExpensesPage.default.addExpense(`${car.brand} ${car.model}`, car.expenseMileage, car.liters, car.totalCost);\n_ExpensesPage.default.checkExpenseIsVisible(car.totalCost);",
              "err": {},
              "uuid": "3752448c-1026-4eeb-bf5d-3ffe54227369",
              "parentUUID": "865ace39-c695-4966-9055-8b89f4914b5a",
              "isHook": false,
              "skipped": false
            }
          ],
          "suites": [],
          "passes": [
            "3752448c-1026-4eeb-bf5d-3ffe54227369"
          ],
          "failures": [],
          "pending": [],
          "skipped": [],
          "duration": 5570,
          "root": false,
          "rootEmpty": false,
          "_timeout": 2000
        }
      ],
      "passes": [],
      "failures": [],
      "pending": [],
      "skipped": [],
      "duration": 0,
      "root": true,
      "rootEmpty": true,
      "_timeout": 2000
    }
  ],
  "meta": {
    "mocha": {
      "version": "7.2.0"
    },
    "mochawesome": {
      "options": {
        "quiet": false,
        "reportFilename": "mochawesome",
        "saveHtml": true,
        "saveJson": true,
        "consoleReporter": "spec",
        "useInlineDiffs": false,
        "code": true
      },
      "version": "7.1.4"
    },
    "marge": {
      "options": {
        "reportDir": "cypress/reports/qauto",
        "overwrite": false,
        "html": true,
        "json": true
      },
      "version": "6.3.2"
    }
  }
}